[0312/014423.408:ERROR:os_crypt_win.cc(93)] Failed to decrypt: Key not valid for use in specified state. (0x8009000B)
[0312/014431.786:ERROR:backend_impl.cc(1041)] Critical error found -8
[0312/014431.787:WARNING:storage_block-inl.h(146)] Failed data load.
[0312/014431.787:WARNING:storage_block-inl.h(146)] Failed data load.
[0312/014431.787:ERROR:entry_impl.cc(1075)] No file for c10300d6
[0312/014431.787:WARNING:storage_block-inl.h(146)] Failed data load.
[0312/014431.787:WARNING:storage_block-inl.h(146)] Failed data load.
[0312/014431.787:WARNING:storage_block-inl.h(146)] Failed data load.
[0312/014431.788:WARNING:storage_block-inl.h(146)] Failed data load.
[0312/014431.788:ERROR:entry_impl.cc(1075)] No file for c10300e6
[0312/014431.788:WARNING:storage_block-inl.h(146)] Failed data load.
[0312/014431.788:WARNING:storage_block-inl.h(146)] Failed data load.
[0312/014431.788:WARNING:storage_block-inl.h(146)] Failed data load.
[0312/014431.788:WARNING:storage_block-inl.h(146)] Failed data load.
[0312/014431.788:ERROR:entry_impl.cc(1075)] No file for c10300e8
[0312/014431.789:WARNING:storage_block-inl.h(146)] Failed data load.
[0312/014431.789:WARNING:storage_block-inl.h(146)] Failed data load.
[0312/014431.794:WARNING:storage_block-inl.h(146)] Failed data load.
[0312/014436.423:WARNING:value_store_frontend.cc(45)] Reading mhjfbmdgcfjbbpaeojofohoefgiehjai.alarms from  failed: IO error: .../MANIFEST-000001: Unable to create sequential file (ChromeMethodBFE: 7::NewSequentialFile::1)
[0312/014549.273:ERROR:leveldb_factory.cc(91)] Failed to open LevelDB database from D:/active_labour/unreal/FinalPanopticon/FinalPanopticon/Saved/webcache_4430\IndexedDB\https_www.youtube-nocookie.com_0.indexeddb.leveldb,IO error: D:/active_labour/unreal/FinalPanopticon/FinalPanopticon/Saved/webcache_4430\IndexedDB\https_www.youtube-nocookie.com_0.indexeddb.leveldb/MANIFEST-000001: Unable to create sequential file (ChromeMethodBFE: 7::NewSequentialFile::1)
[0312/014549.278:ERROR:leveldb_factory.cc(91)] Failed to open LevelDB database from D:/active_labour/unreal/FinalPanopticon/FinalPanopticon/Saved/webcache_4430\IndexedDB\https_www.youtube-nocookie.com_0.indexeddb.leveldb,IO error: D:/active_labour/unreal/FinalPanopticon/FinalPanopticon/Saved/webcache_4430\IndexedDB\https_www.youtube-nocookie.com_0.indexeddb.leveldb/MANIFEST-000001: Unable to create sequential file (ChromeMethodBFE: 7::NewSequentialFile::1)
[0312/014549.940:ERROR:leveldb_factory.cc(91)] Failed to open LevelDB database from D:/active_labour/unreal/FinalPanopticon/FinalPanopticon/Saved/webcache_4430\IndexedDB\https_www.youtube-nocookie.com_0.indexeddb.leveldb,IO error: D:/active_labour/unreal/FinalPanopticon/FinalPanopticon/Saved/webcache_4430\IndexedDB\https_www.youtube-nocookie.com_0.indexeddb.leveldb/MANIFEST-000001: Unable to create sequential file (ChromeMethodBFE: 7::NewSequentialFile::1)
[0312/014549.945:ERROR:leveldb_factory.cc(91)] Failed to open LevelDB database from D:/active_labour/unreal/FinalPanopticon/FinalPanopticon/Saved/webcache_4430\IndexedDB\https_www.youtube-nocookie.com_0.indexeddb.leveldb,IO error: D:/active_labour/unreal/FinalPanopticon/FinalPanopticon/Saved/webcache_4430\IndexedDB\https_www.youtube-nocookie.com_0.indexeddb.leveldb/MANIFEST-000001: Unable to create sequential file (ChromeMethodBFE: 7::NewSequentialFile::1)
[0312/014623.852:ERROR:gpu_init.cc(426)] Passthrough is not supported, GL is disabled
[0312/015746.317:ERROR:leveldb_factory.cc(91)] Failed to open LevelDB database from D:/active_labour/unreal/FinalPanopticon/FinalPanopticon/Saved/webcache_4430\IndexedDB\https_www.youtube-nocookie.com_0.indexeddb.leveldb,IO error: D:/active_labour/unreal/FinalPanopticon/FinalPanopticon/Saved/webcache_4430\IndexedDB\https_www.youtube-nocookie.com_0.indexeddb.leveldb/MANIFEST-000001: Unable to create sequential file (ChromeMethodBFE: 7::NewSequentialFile::1)
[0312/015746.324:ERROR:leveldb_factory.cc(91)] Failed to open LevelDB database from D:/active_labour/unreal/FinalPanopticon/FinalPanopticon/Saved/webcache_4430\IndexedDB\https_www.youtube-nocookie.com_0.indexeddb.leveldb,IO error: D:/active_labour/unreal/FinalPanopticon/FinalPanopticon/Saved/webcache_4430\IndexedDB\https_www.youtube-nocookie.com_0.indexeddb.leveldb/MANIFEST-000001: Unable to create sequential file (ChromeMethodBFE: 7::NewSequentialFile::1)
[0312/015747.432:ERROR:leveldb_factory.cc(91)] Failed to open LevelDB database from D:/active_labour/unreal/FinalPanopticon/FinalPanopticon/Saved/webcache_4430\IndexedDB\https_www.youtube-nocookie.com_0.indexeddb.leveldb,IO error: D:/active_labour/unreal/FinalPanopticon/FinalPanopticon/Saved/webcache_4430\IndexedDB\https_www.youtube-nocookie.com_0.indexeddb.leveldb/MANIFEST-000001: Unable to create sequential file (ChromeMethodBFE: 7::NewSequentialFile::1)
[0312/015747.437:ERROR:leveldb_factory.cc(91)] Failed to open LevelDB database from D:/active_labour/unreal/FinalPanopticon/FinalPanopticon/Saved/webcache_4430\IndexedDB\https_www.youtube-nocookie.com_0.indexeddb.leveldb,IO error: D:/active_labour/unreal/FinalPanopticon/FinalPanopticon/Saved/webcache_4430\IndexedDB\https_www.youtube-nocookie.com_0.indexeddb.leveldb/MANIFEST-000001: Unable to create sequential file (ChromeMethodBFE: 7::NewSequentialFile::1)
